2026-02-08 01:22:37 [main] INFO  Utils - [Utils] MethodGroupsHelper.collectMethodsByGroup() took 0 ms.
2026-02-08 01:22:37 [main] INFO  Utils - [Utils] MethodGroupsHelper.sortMethods() took 1 ms.
2026-02-08 01:22:37 [main] INFO  Utils - [Utils] MethodGroupsHelper.collectMethodsByGroup() took 1 ms.
2026-02-08 01:22:37 [main] INFO  Utils - [Utils] MethodGroupsHelper.sortMethods() took 0 ms.
2026-02-08 01:22:37 [main] INFO  Utils - [Utils] MethodGroupsHelper.collectMethodsByGroup() took 0 ms.
2026-02-08 01:22:37 [main] INFO  Utils - [Utils] MethodGroupsHelper.sortMethods() took 0 ms.
2026-02-08 01:22:37 [main] INFO  Utils - [Utils] MethodGroupsHelper.collectMethodsByGroup() took 0 ms.
2026-02-08 01:22:37 [main] INFO  Utils - [Utils] MethodGroupsHelper.sortMethods() took 0 ms.
2026-02-08 01:22:37 [main] INFO  Utils - [Utils] MethodGroupsHelper.collectMethodsByGroup() took 0 ms.
2026-02-08 01:22:38 [main] INFO  Utils - [Utils] MethodGroupsHelper.sortMethods() took 12 ms.
2026-02-08 01:22:38 [main] INFO  Utils - [Utils] MethodGroupsHelper.collectMethodsByGroup() took 1 ms.
2026-02-08 01:22:38 [main] INFO  Utils - [Utils] MethodGroupsHelper.sortMethods() took 0 ms.
2026-02-08 01:22:38 [main] INFO  Utils - [Utils] MethodGroupsHelper.collectMethodsByGroup() took 0 ms.
2026-02-08 01:22:38 [main] INFO  Utils - [Utils] MethodGroupsHelper.sortMethods() took 0 ms.
2026-02-08 01:22:38 [main] INFO  Utils - [Utils] MethodGroupsHelper.collectMethodsByGroup() took 0 ms.
2026-02-08 01:22:38 [main] INFO  Utils - [Utils] MethodGroupsHelper.sortMethods() took 0 ms.
2026-02-08 01:22:38 [main] INFO  Utils - [Utils] MethodGroupsHelper.collectMethodsByGroup() took 0 ms.
2026-02-08 01:22:38 [main] INFO  Utils - [Utils] MethodGroupsHelper.sortMethods() took 0 ms.
2026-02-08 01:22:38 [main] INFO  Utils - [Utils] MethodGroupsHelper.collectMethodsByGroup() took 0 ms.
2026-02-08 01:22:38 [main] INFO  Utils - [Utils] MethodGroupsHelper.sortMethods() took 0 ms.
2026-02-08 01:22:38 [main] INFO  Utils - [Utils] MethodGroupsHelper.collectMethodsByGroup() took 0 ms.
2026-02-08 01:22:38 [main] INFO  Utils - [Utils] MethodGroupsHelper.sortMethods() took 0 ms.
2026-02-08 01:22:38 [main] INFO  Utils - [Utils] MethodGroupsHelper.collectMethodsByGroup() took 0 ms.
2026-02-08 01:22:38 [main] INFO  Utils - [Utils] MethodGroupsHelper.sortMethods() took 0 ms.
2026-02-08 01:22:38 [main] INFO  Utils - [Utils] MethodGroupsHelper.collectMethodsByGroup() took 3 ms.
2026-02-08 01:22:38 [main] INFO  Utils - [Utils] MethodGroupsHelper.sortMethods() took 0 ms.
2026-02-08 01:22:38 [main] INFO  Utils - [Utils] MethodGroupsHelper.collectMethodsByGroup() took 0 ms.
2026-02-08 01:22:38 [main] INFO  Utils - [Utils] MethodGroupsHelper.sortMethods() took 0 ms.
2026-02-08 01:22:38 [main] INFO  Utils - [Utils] MethodGroupsHelper.collectMethodsByGroup() took 0 ms.
2026-02-08 01:22:38 [main] INFO  Utils - [Utils] MethodGroupsHelper.sortMethods() took 0 ms.
2026-02-08 01:22:38 [main] INFO  Utils - [TestNG] Running:
  C:\Users\Sumit\AppData\Local\Temp\testng-eclipse-347524699\testng-customsuite.xml

2026-02-08 01:22:38 [main] INFO  Utils - [Utils] DynamicGraphHelper.createDynamicGraph() took 4 ms.
2026-02-08 01:22:38 [main] WARN  Utils - The test method 'io.cucumber.testng.AbstractTestNGCucumberTests.runScenario' will be skipped since its data provider 'scenarios' returned an empty array or iterator. 
2026-02-08 01:22:38 [main] INFO  Utils - [TestNG] Time taken by org.testng.reporters.jq.Main@bb9ab64: 94 ms
2026-02-08 01:22:38 [main] INFO  Utils - [TestNG] Time taken by org.testng.reporters.FailedReporter@45d6ef73: 2 ms
2026-02-08 01:22:38 [main] INFO  Utils - [TestNG] Time taken by org.testng.reporters.XMLReporter@3c904f1e: 13 ms
2026-02-08 01:22:38 [main] INFO  Utils - [TestNG] Time taken by org.testng.reporters.EmailableReporter2@2d000e80: 9 ms
2026-02-08 01:22:38 [main] INFO  Utils - [TestNG] Time taken by org.testng.reporters.JUnitReportReporter@48284d0e: 11 ms
2026-02-08 01:22:38 [main] INFO  Utils - [TestNG] Time taken by org.testng.internal.ExitCodeListener@557286ad: 0 ms
2026-02-08 01:23:06 [main] INFO  Utils - [Utils] MethodGroupsHelper.collectMethodsByGroup() took 0 ms.
2026-02-08 01:23:06 [main] INFO  Utils - [Utils] MethodGroupsHelper.sortMethods() took 2 ms.
2026-02-08 01:23:06 [main] INFO  Utils - [Utils] MethodGroupsHelper.collectMethodsByGroup() took 0 ms.
2026-02-08 01:23:06 [main] INFO  Utils - [Utils] MethodGroupsHelper.sortMethods() took 0 ms.
2026-02-08 01:23:06 [main] INFO  Utils - [Utils] MethodGroupsHelper.collectMethodsByGroup() took 0 ms.
2026-02-08 01:23:06 [main] INFO  Utils - [Utils] MethodGroupsHelper.sortMethods() took 0 ms.
2026-02-08 01:23:06 [main] INFO  Utils - [Utils] MethodGroupsHelper.collectMethodsByGroup() took 0 ms.
2026-02-08 01:23:06 [main] INFO  Utils - [Utils] MethodGroupsHelper.sortMethods() took 0 ms.
2026-02-08 01:23:06 [main] INFO  Utils - [Utils] MethodGroupsHelper.collectMethodsByGroup() took 0 ms.
2026-02-08 01:23:06 [main] INFO  Utils - [Utils] MethodGroupsHelper.sortMethods() took 12 ms.
2026-02-08 01:23:06 [main] INFO  Utils - [Utils] MethodGroupsHelper.collectMethodsByGroup() took 0 ms.
2026-02-08 01:23:06 [main] INFO  Utils - [Utils] MethodGroupsHelper.sortMethods() took 0 ms.
2026-02-08 01:23:06 [main] INFO  Utils - [Utils] MethodGroupsHelper.collectMethodsByGroup() took 0 ms.
2026-02-08 01:23:06 [main] INFO  Utils - [Utils] MethodGroupsHelper.sortMethods() took 0 ms.
2026-02-08 01:23:06 [main] INFO  Utils - [Utils] MethodGroupsHelper.collectMethodsByGroup() took 0 ms.
2026-02-08 01:23:06 [main] INFO  Utils - [Utils] MethodGroupsHelper.sortMethods() took 0 ms.
2026-02-08 01:23:06 [main] INFO  Utils - [Utils] MethodGroupsHelper.collectMethodsByGroup() took 0 ms.
2026-02-08 01:23:06 [main] INFO  Utils - [Utils] MethodGroupsHelper.sortMethods() took 0 ms.
2026-02-08 01:23:06 [main] INFO  Utils - [Utils] MethodGroupsHelper.collectMethodsByGroup() took 0 ms.
2026-02-08 01:23:06 [main] INFO  Utils - [Utils] MethodGroupsHelper.sortMethods() took 0 ms.
2026-02-08 01:23:06 [main] INFO  Utils - [Utils] MethodGroupsHelper.collectMethodsByGroup() took 0 ms.
2026-02-08 01:23:06 [main] INFO  Utils - [Utils] MethodGroupsHelper.sortMethods() took 0 ms.
2026-02-08 01:23:06 [main] INFO  Utils - [Utils] MethodGroupsHelper.collectMethodsByGroup() took 0 ms.
2026-02-08 01:23:06 [main] INFO  Utils - [Utils] MethodGroupsHelper.sortMethods() took 0 ms.
2026-02-08 01:23:06 [main] INFO  Utils - [Utils] MethodGroupsHelper.collectMethodsByGroup() took 3 ms.
2026-02-08 01:23:06 [main] INFO  Utils - [Utils] MethodGroupsHelper.sortMethods() took 0 ms.
2026-02-08 01:23:06 [main] INFO  Utils - [Utils] MethodGroupsHelper.collectMethodsByGroup() took 0 ms.
2026-02-08 01:23:06 [main] INFO  Utils - [Utils] MethodGroupsHelper.sortMethods() took 0 ms.
2026-02-08 01:23:06 [main] INFO  Utils - [Utils] MethodGroupsHelper.collectMethodsByGroup() took 0 ms.
2026-02-08 01:23:06 [main] INFO  Utils - [Utils] MethodGroupsHelper.sortMethods() took 0 ms.
2026-02-08 01:23:06 [main] INFO  Utils - [TestNG] Running:
  C:\Users\Sumit\AppData\Local\Temp\testng-eclipse--96628773\testng-customsuite.xml

2026-02-08 01:23:06 [main] INFO  Utils - [Utils] DynamicGraphHelper.createDynamicGraph() took 5 ms.
2026-02-08 01:23:07 [TestNG-PoolService-4] INFO  Hooks - ===== STARTING SCENARIO: Search for products from Excel file, add them to cart, and complete the order =====
2026-02-08 01:23:07 [TestNG-PoolService-2] INFO  Hooks - ===== STARTING SCENARIO: Search for products from Excel file, add them to cart, and complete the order =====
2026-02-08 01:23:07 [TestNG-PoolService-3] INFO  Hooks - ===== STARTING SCENARIO: Search for products from Excel file, add them to cart, and complete the order =====
2026-02-08 01:23:07 [TestNG-PoolService-1] INFO  Hooks - ===== STARTING SCENARIO: Search for products from Excel file, add them to cart, and complete the order =====
2026-02-08 01:23:07 [TestNG-PoolService-4] INFO  TestBase - Initializing browser: chrome
2026-02-08 01:23:07 [TestNG-PoolService-2] INFO  TestBase - Initializing browser: chrome
2026-02-08 01:23:07 [TestNG-PoolService-1] INFO  TestBase - Initializing browser: chrome
2026-02-08 01:23:07 [TestNG-PoolService-3] INFO  TestBase - Initializing browser: chrome
2026-02-08 01:23:07 [TestNG-PoolService-3] INFO  TestBase - Navigating to URL: https://rahulshettyacademy.com/seleniumPractise/#/
2026-02-08 01:23:07 [TestNG-PoolService-2] INFO  TestBase - Navigating to URL: https://rahulshettyacademy.com/seleniumPractise/#/
2026-02-08 01:23:07 [TestNG-PoolService-1] INFO  TestBase - Navigating to URL: https://rahulshettyacademy.com/seleniumPractise/#/
2026-02-08 01:23:07 [TestNG-PoolService-4] INFO  TestBase - Navigating to URL: https://rahulshettyacademy.com/seleniumPractise/#/
2026-02-08 01:23:10 [TestNG-PoolService-3] INFO  WebDriverManager - Using chromedriver 144.0.7559.133 (resolved driver for Chrome 144)
2026-02-08 01:23:10 [TestNG-PoolService-1] INFO  WebDriverManager - Using chromedriver 144.0.7559.133 (resolved driver for Chrome 144)
2026-02-08 01:23:10 [TestNG-PoolService-4] INFO  WebDriverManager - Using chromedriver 144.0.7559.133 (resolved driver for Chrome 144)
2026-02-08 01:23:10 [TestNG-PoolService-2] INFO  WebDriverManager - Using chromedriver 144.0.7559.133 (resolved driver for Chrome 144)
2026-02-08 01:23:10 [TestNG-PoolService-1] INFO  WebDriverManager - Exporting webdriver.chrome.driver as C:\Users\Sumit\.cache\selenium\chromedriver\win64\144.0.7559.133\chromedriver.exe
2026-02-08 01:23:10 [TestNG-PoolService-2] INFO  WebDriverManager - Exporting webdriver.chrome.driver as C:\Users\Sumit\.cache\selenium\chromedriver\win64\144.0.7559.133\chromedriver.exe
2026-02-08 01:23:10 [TestNG-PoolService-4] INFO  WebDriverManager - Exporting webdriver.chrome.driver as C:\Users\Sumit\.cache\selenium\chromedriver\win64\144.0.7559.133\chromedriver.exe
2026-02-08 01:23:10 [TestNG-PoolService-3] INFO  WebDriverManager - Exporting webdriver.chrome.driver as C:\Users\Sumit\.cache\selenium\chromedriver\win64\144.0.7559.133\chromedriver.exe
2026-02-08 01:23:16 [TestNG-PoolService-1] INFO  LandingPageStepDefinitions - User trying to get the title of landing page!
2026-02-08 01:23:16 [TestNG-PoolService-1] INFO  LandingPage - Getting title of LandingPage!
2026-02-08 01:23:16 [TestNG-PoolService-2] INFO  LandingPageStepDefinitions - User trying to get the title of landing page!
2026-02-08 01:23:16 [TestNG-PoolService-2] INFO  LandingPage - Getting title of LandingPage!
2026-02-08 01:23:37 [TestNG-PoolService-3] INFO  LandingPageStepDefinitions - User trying to get the title of landing page!
2026-02-08 01:23:37 [TestNG-PoolService-3] INFO  LandingPage - Getting title of LandingPage!
2026-02-08 01:23:37 [TestNG-PoolService-2] INFO  LandingPage - Searching product with name: Beans
2026-02-08 01:23:37 [TestNG-PoolService-3] INFO  LandingPage - Searching product with name: Cucumber
2026-02-08 01:23:37 [TestNG-PoolService-1] INFO  LandingPage - Searching product with name: Tomato
2026-02-08 01:23:37 [TestNG-PoolService-2] INFO  LandingPage - Incrementing quantity of searched product: 3
2026-02-08 01:23:37 [TestNG-PoolService-1] INFO  LandingPage - Incrementing quantity of searched product: 2
2026-02-08 01:23:38 [TestNG-PoolService-3] INFO  LandingPage - Incrementing quantity of searched product: 1
2026-02-08 01:23:38 [TestNG-PoolService-3] INFO  LandingPage - Adding product to cart!
2026-02-08 01:23:39 [TestNG-PoolService-3] INFO  Hooks - ===== ENDING SCENARIO: Search for products from Excel file, add them to cart, and complete the order | STATUS: PASSED =====
2026-02-08 01:23:39 [TestNG-PoolService-1] INFO  LandingPage - Adding product to cart!
2026-02-08 01:23:40 [TestNG-PoolService-2] INFO  LandingPage - Adding product to cart!
2026-02-08 01:23:40 [TestNG-PoolService-1] INFO  Hooks - ===== ENDING SCENARIO: Search for products from Excel file, add them to cart, and complete the order | STATUS: PASSED =====
2026-02-08 01:23:41 [TestNG-PoolService-2] INFO  Hooks - ===== ENDING SCENARIO: Search for products from Excel file, add them to cart, and complete the order | STATUS: PASSED =====
2026-02-08 01:24:08 [TestNG-PoolService-4] INFO  LandingPageStepDefinitions - User trying to get the title of landing page!
2026-02-08 01:24:08 [TestNG-PoolService-4] INFO  LandingPage - Getting title of LandingPage!
2026-02-08 01:24:08 [TestNG-PoolService-4] INFO  LandingPage - Searching product with name: Beetroot
2026-02-08 01:24:08 [TestNG-PoolService-4] INFO  LandingPage - Incrementing quantity of searched product: 4
2026-02-08 01:24:09 [TestNG-PoolService-4] INFO  LandingPage - Adding product to cart!
2026-02-08 01:24:10 [TestNG-PoolService-4] INFO  Hooks - ===== ENDING SCENARIO: Search for products from Excel file, add them to cart, and complete the order | STATUS: FAILED =====
2026-02-08 01:24:11 [main] INFO  Utils - [TestNG] Time taken by org.testng.reporters.jq.Main@1945113f: 146 ms
2026-02-08 01:24:11 [main] INFO  Utils - [TestNG] Time taken by org.testng.reporters.FailedReporter@1e60b459: 31 ms
2026-02-08 01:24:11 [main] INFO  Utils - [TestNG] Time taken by org.testng.reporters.XMLReporter@7e9f2c32: 15 ms
2026-02-08 01:24:11 [main] INFO  Utils - [TestNG] Time taken by org.testng.reporters.EmailableReporter2@338766de: 10 ms
2026-02-08 01:24:11 [main] INFO  Utils - [TestNG] Time taken by org.testng.reporters.JUnitReportReporter@1192b58e: 8 ms
2026-02-08 01:24:11 [main] INFO  Utils - [TestNG] Time taken by org.testng.internal.ExitCodeListener@4f8d86e4: 0 ms
2026-02-08 01:24:31 [main] INFO  Utils - [Utils] MethodGroupsHelper.collectMethodsByGroup() took 1 ms.
2026-02-08 01:24:31 [main] INFO  Utils - [Utils] MethodGroupsHelper.sortMethods() took 0 ms.
2026-02-08 01:24:31 [main] INFO  Utils - [Utils] MethodGroupsHelper.collectMethodsByGroup() took 0 ms.
2026-02-08 01:24:31 [main] INFO  Utils - [Utils] MethodGroupsHelper.sortMethods() took 0 ms.
2026-02-08 01:24:31 [main] INFO  Utils - [Utils] MethodGroupsHelper.collectMethodsByGroup() took 0 ms.
2026-02-08 01:24:31 [main] INFO  Utils - [Utils] MethodGroupsHelper.sortMethods() took 0 ms.
2026-02-08 01:24:31 [main] INFO  Utils - [Utils] MethodGroupsHelper.collectMethodsByGroup() took 0 ms.
2026-02-08 01:24:31 [main] INFO  Utils - [Utils] MethodGroupsHelper.sortMethods() took 0 ms.
2026-02-08 01:24:31 [main] INFO  Utils - [Utils] MethodGroupsHelper.collectMethodsByGroup() took 0 ms.
2026-02-08 01:24:31 [main] INFO  Utils - [Utils] MethodGroupsHelper.sortMethods() took 9 ms.
2026-02-08 01:24:31 [main] INFO  Utils - [Utils] MethodGroupsHelper.collectMethodsByGroup() took 0 ms.
2026-02-08 01:24:31 [main] INFO  Utils - [Utils] MethodGroupsHelper.sortMethods() took 0 ms.
2026-02-08 01:24:31 [main] INFO  Utils - [Utils] MethodGroupsHelper.collectMethodsByGroup() took 0 ms.
2026-02-08 01:24:31 [main] INFO  Utils - [Utils] MethodGroupsHelper.sortMethods() took 0 ms.
2026-02-08 01:24:31 [main] INFO  Utils - [Utils] MethodGroupsHelper.collectMethodsByGroup() took 0 ms.
2026-02-08 01:24:31 [main] INFO  Utils - [Utils] MethodGroupsHelper.sortMethods() took 0 ms.
2026-02-08 01:24:31 [main] INFO  Utils - [Utils] MethodGroupsHelper.collectMethodsByGroup() took 0 ms.
2026-02-08 01:24:31 [main] INFO  Utils - [Utils] MethodGroupsHelper.sortMethods() took 0 ms.
2026-02-08 01:24:31 [main] INFO  Utils - [Utils] MethodGroupsHelper.collectMethodsByGroup() took 0 ms.
2026-02-08 01:24:31 [main] INFO  Utils - [Utils] MethodGroupsHelper.sortMethods() took 0 ms.
2026-02-08 01:24:31 [main] INFO  Utils - [Utils] MethodGroupsHelper.collectMethodsByGroup() took 0 ms.
2026-02-08 01:24:31 [main] INFO  Utils - [Utils] MethodGroupsHelper.sortMethods() took 0 ms.
2026-02-08 01:24:31 [main] INFO  Utils - [Utils] MethodGroupsHelper.collectMethodsByGroup() took 0 ms.
2026-02-08 01:24:31 [main] INFO  Utils - [Utils] MethodGroupsHelper.sortMethods() took 0 ms.
2026-02-08 01:24:31 [main] INFO  Utils - [Utils] MethodGroupsHelper.collectMethodsByGroup() took 1 ms.
2026-02-08 01:24:31 [main] INFO  Utils - [Utils] MethodGroupsHelper.sortMethods() took 0 ms.
2026-02-08 01:24:31 [main] INFO  Utils - [Utils] MethodGroupsHelper.collectMethodsByGroup() took 0 ms.
2026-02-08 01:24:31 [main] INFO  Utils - [Utils] MethodGroupsHelper.sortMethods() took 0 ms.
2026-02-08 01:24:31 [main] INFO  Utils - [Utils] MethodGroupsHelper.collectMethodsByGroup() took 0 ms.
2026-02-08 01:24:31 [main] INFO  Utils - [Utils] MethodGroupsHelper.sortMethods() took 0 ms.
2026-02-08 01:24:31 [main] INFO  Utils - [TestNG] Running:
  C:\Users\Sumit\AppData\Local\Temp\testng-eclipse-71075774\testng-customsuite.xml

2026-02-08 01:24:31 [main] INFO  Utils - [Utils] DynamicGraphHelper.createDynamicGraph() took 4 ms.
2026-02-08 01:24:32 [TestNG-PoolService-3] INFO  Hooks - ===== STARTING SCENARIO: Search for products from Excel file, add them to cart, and complete the order =====
2026-02-08 01:24:32 [TestNG-PoolService-1] INFO  Hooks - ===== STARTING SCENARIO: Search for products from Excel file, add them to cart, and complete the order =====
2026-02-08 01:24:32 [TestNG-PoolService-4] INFO  Hooks - ===== STARTING SCENARIO: Search for products from Excel file, add them to cart, and complete the order =====
2026-02-08 01:24:32 [TestNG-PoolService-2] INFO  Hooks - ===== STARTING SCENARIO: Search for products from Excel file, add them to cart, and complete the order =====
2026-02-08 01:24:32 [TestNG-PoolService-1] INFO  TestBase - Initializing browser: chrome
2026-02-08 01:24:32 [TestNG-PoolService-3] INFO  TestBase - Initializing browser: chrome
2026-02-08 01:24:32 [TestNG-PoolService-4] INFO  TestBase - Initializing browser: chrome
2026-02-08 01:24:32 [TestNG-PoolService-2] INFO  TestBase - Initializing browser: chrome
2026-02-08 01:24:32 [TestNG-PoolService-1] INFO  TestBase - Navigating to URL: https://rahulshettyacademy.com/seleniumPractise/#/
2026-02-08 01:24:32 [TestNG-PoolService-3] INFO  TestBase - Navigating to URL: https://rahulshettyacademy.com/seleniumPractise/#/
2026-02-08 01:24:32 [TestNG-PoolService-4] INFO  TestBase - Navigating to URL: https://rahulshettyacademy.com/seleniumPractise/#/
2026-02-08 01:24:32 [TestNG-PoolService-2] INFO  TestBase - Navigating to URL: https://rahulshettyacademy.com/seleniumPractise/#/
2026-02-08 01:24:33 [TestNG-PoolService-1] INFO  WebDriverManager - Using chromedriver 144.0.7559.133 (resolved driver for Chrome 144)
2026-02-08 01:24:33 [TestNG-PoolService-3] INFO  WebDriverManager - Using chromedriver 144.0.7559.133 (resolved driver for Chrome 144)
2026-02-08 01:24:33 [TestNG-PoolService-4] INFO  WebDriverManager - Using chromedriver 144.0.7559.133 (resolved driver for Chrome 144)
2026-02-08 01:24:33 [TestNG-PoolService-2] INFO  WebDriverManager - Using chromedriver 144.0.7559.133 (resolved driver for Chrome 144)
2026-02-08 01:24:33 [TestNG-PoolService-1] INFO  WebDriverManager - Exporting webdriver.chrome.driver as C:\Users\Sumit\.cache\selenium\chromedriver\win64\144.0.7559.133\chromedriver.exe
2026-02-08 01:24:33 [TestNG-PoolService-3] INFO  WebDriverManager - Exporting webdriver.chrome.driver as C:\Users\Sumit\.cache\selenium\chromedriver\win64\144.0.7559.133\chromedriver.exe
2026-02-08 01:24:33 [TestNG-PoolService-2] INFO  WebDriverManager - Exporting webdriver.chrome.driver as C:\Users\Sumit\.cache\selenium\chromedriver\win64\144.0.7559.133\chromedriver.exe
2026-02-08 01:24:33 [TestNG-PoolService-4] INFO  WebDriverManager - Exporting webdriver.chrome.driver as C:\Users\Sumit\.cache\selenium\chromedriver\win64\144.0.7559.133\chromedriver.exe
2026-02-08 01:24:37 [TestNG-PoolService-4] INFO  LandingPageStepDefinitions - User trying to get the title of landing page!
2026-02-08 01:24:37 [TestNG-PoolService-4] INFO  LandingPage - Getting title of LandingPage!
2026-02-08 01:24:37 [TestNG-PoolService-3] INFO  LandingPageStepDefinitions - User trying to get the title of landing page!
2026-02-08 01:24:37 [TestNG-PoolService-3] INFO  LandingPage - Getting title of LandingPage!
2026-02-08 01:24:44 [TestNG-PoolService-4] INFO  LandingPage - Searching product with name: Beetroot
2026-02-08 01:24:44 [TestNG-PoolService-1] INFO  LandingPageStepDefinitions - User trying to get the title of landing page!
2026-02-08 01:24:44 [TestNG-PoolService-1] INFO  LandingPage - Getting title of LandingPage!
2026-02-08 01:24:44 [TestNG-PoolService-1] INFO  LandingPage - Searching product with name: Tomato
2026-02-08 01:24:44 [TestNG-PoolService-2] INFO  LandingPageStepDefinitions - User trying to get the title of landing page!
2026-02-08 01:24:44 [TestNG-PoolService-2] INFO  LandingPage - Getting title of LandingPage!
2026-02-08 01:24:44 [TestNG-PoolService-2] INFO  LandingPage - Searching product with name: Beans
2026-02-08 01:24:44 [TestNG-PoolService-4] INFO  LandingPage - Incrementing quantity of searched product: 4
2026-02-08 01:24:44 [TestNG-PoolService-1] INFO  LandingPage - Incrementing quantity of searched product: 2
2026-02-08 01:24:45 [TestNG-PoolService-3] INFO  LandingPage - Searching product with name: Cucumber
2026-02-08 01:24:45 [TestNG-PoolService-2] INFO  LandingPage - Incrementing quantity of searched product: 3
2026-02-08 01:24:45 [TestNG-PoolService-3] INFO  LandingPage - Incrementing quantity of searched product: 1
2026-02-08 01:24:45 [TestNG-PoolService-1] INFO  LandingPage - Adding product to cart!
2026-02-08 01:24:46 [TestNG-PoolService-3] INFO  LandingPage - Adding product to cart!
2026-02-08 01:24:46 [TestNG-PoolService-4] INFO  LandingPage - Adding product to cart!
2026-02-08 01:24:47 [TestNG-PoolService-1] INFO  Hooks - ===== ENDING SCENARIO: Search for products from Excel file, add them to cart, and complete the order | STATUS: PASSED =====
2026-02-08 01:24:47 [TestNG-PoolService-4] INFO  Hooks - ===== ENDING SCENARIO: Search for products from Excel file, add them to cart, and complete the order | STATUS: PASSED =====
2026-02-08 01:24:47 [TestNG-PoolService-3] INFO  Hooks - ===== ENDING SCENARIO: Search for products from Excel file, add them to cart, and complete the order | STATUS: PASSED =====
2026-02-08 01:24:47 [TestNG-PoolService-2] INFO  LandingPage - Adding product to cart!
2026-02-08 01:24:48 [TestNG-PoolService-2] INFO  Hooks - ===== ENDING SCENARIO: Search for products from Excel file, add them to cart, and complete the order | STATUS: PASSED =====
2026-02-08 01:24:49 [main] INFO  Utils - [TestNG] Time taken by org.testng.reporters.jq.Main@2b38b1f: 80 ms
2026-02-08 01:24:49 [main] INFO  Utils - [TestNG] Time taken by org.testng.reporters.FailedReporter@2e766822: 0 ms
2026-02-08 01:24:49 [main] INFO  Utils - [TestNG] Time taken by org.testng.reporters.XMLReporter@7978e022: 11 ms
2026-02-08 01:24:49 [main] INFO  Utils - [TestNG] Time taken by org.testng.reporters.EmailableReporter2@7c51782d: 9 ms
2026-02-08 01:24:49 [main] INFO  Utils - [TestNG] Time taken by org.testng.reporters.JUnitReportReporter@5377414a: 7 ms
2026-02-08 01:24:49 [main] INFO  Utils - [TestNG] Time taken by org.testng.internal.ExitCodeListener@4e83a98: 1 ms
2026-02-08 01:28:02 [main] INFO  Utils - [Utils] MethodGroupsHelper.collectMethodsByGroup() took 0 ms.
2026-02-08 01:28:02 [main] INFO  Utils - [Utils] MethodGroupsHelper.sortMethods() took 0 ms.
2026-02-08 01:28:02 [main] INFO  Utils - [Utils] MethodGroupsHelper.collectMethodsByGroup() took 0 ms.
2026-02-08 01:28:02 [main] INFO  Utils - [Utils] MethodGroupsHelper.sortMethods() took 0 ms.
2026-02-08 01:28:02 [main] INFO  Utils - [Utils] MethodGroupsHelper.collectMethodsByGroup() took 0 ms.
2026-02-08 01:28:02 [main] INFO  Utils - [Utils] MethodGroupsHelper.sortMethods() took 0 ms.
2026-02-08 01:28:02 [main] INFO  Utils - [Utils] MethodGroupsHelper.collectMethodsByGroup() took 0 ms.
2026-02-08 01:28:02 [main] INFO  Utils - [Utils] MethodGroupsHelper.sortMethods() took 0 ms.
2026-02-08 01:28:02 [main] INFO  Utils - [Utils] MethodGroupsHelper.collectMethodsByGroup() took 0 ms.
2026-02-08 01:28:02 [main] INFO  Utils - [Utils] MethodGroupsHelper.sortMethods() took 12 ms.
2026-02-08 01:28:02 [main] INFO  Utils - [Utils] MethodGroupsHelper.collectMethodsByGroup() took 0 ms.
2026-02-08 01:28:02 [main] INFO  Utils - [Utils] MethodGroupsHelper.sortMethods() took 0 ms.
2026-02-08 01:28:02 [main] INFO  Utils - [Utils] MethodGroupsHelper.collectMethodsByGroup() took 0 ms.
2026-02-08 01:28:02 [main] INFO  Utils - [Utils] MethodGroupsHelper.sortMethods() took 0 ms.
2026-02-08 01:28:02 [main] INFO  Utils - [Utils] MethodGroupsHelper.collectMethodsByGroup() took 0 ms.
2026-02-08 01:28:02 [main] INFO  Utils - [Utils] MethodGroupsHelper.sortMethods() took 0 ms.
2026-02-08 01:28:02 [main] INFO  Utils - [Utils] MethodGroupsHelper.collectMethodsByGroup() took 0 ms.
2026-02-08 01:28:02 [main] INFO  Utils - [Utils] MethodGroupsHelper.sortMethods() took 0 ms.
2026-02-08 01:28:02 [main] INFO  Utils - [Utils] MethodGroupsHelper.collectMethodsByGroup() took 0 ms.
2026-02-08 01:28:02 [main] INFO  Utils - [Utils] MethodGroupsHelper.sortMethods() took 0 ms.
2026-02-08 01:28:02 [main] INFO  Utils - [Utils] MethodGroupsHelper.collectMethodsByGroup() took 0 ms.
2026-02-08 01:28:02 [main] INFO  Utils - [Utils] MethodGroupsHelper.sortMethods() took 0 ms.
2026-02-08 01:28:02 [main] INFO  Utils - [Utils] MethodGroupsHelper.collectMethodsByGroup() took 0 ms.
2026-02-08 01:28:02 [main] INFO  Utils - [Utils] MethodGroupsHelper.sortMethods() took 0 ms.
2026-02-08 01:28:02 [main] INFO  Utils - [Utils] MethodGroupsHelper.collectMethodsByGroup() took 2 ms.
2026-02-08 01:28:02 [main] INFO  Utils - [Utils] MethodGroupsHelper.sortMethods() took 0 ms.
2026-02-08 01:28:02 [main] INFO  Utils - [Utils] MethodGroupsHelper.collectMethodsByGroup() took 0 ms.
2026-02-08 01:28:02 [main] INFO  Utils - [Utils] MethodGroupsHelper.sortMethods() took 0 ms.
2026-02-08 01:28:02 [main] INFO  Utils - [Utils] MethodGroupsHelper.collectMethodsByGroup() took 0 ms.
2026-02-08 01:28:02 [main] INFO  Utils - [Utils] MethodGroupsHelper.sortMethods() took 0 ms.
2026-02-08 01:28:02 [main] INFO  Utils - [TestNG] Running:
  C:\Users\Sumit\AppData\Local\Temp\testng-eclipse--2111545084\testng-customsuite.xml

2026-02-08 01:28:02 [main] INFO  Utils - [Utils] DynamicGraphHelper.createDynamicGraph() took 4 ms.
2026-02-08 01:28:03 [TestNG-PoolService-2] INFO  Hooks - ===== STARTING SCENARIO: Search for products from Excel file, add them to cart, and complete the order =====
2026-02-08 01:28:03 [TestNG-PoolService-1] INFO  Hooks - ===== STARTING SCENARIO: Search for products from Excel file, add them to cart, and complete the order =====
2026-02-08 01:28:03 [TestNG-PoolService-3] INFO  Hooks - ===== STARTING SCENARIO: Search for products from Excel file, add them to cart, and complete the order =====
2026-02-08 01:28:03 [TestNG-PoolService-4] INFO  Hooks - ===== STARTING SCENARIO: Search for products from Excel file, add them to cart, and complete the order =====
2026-02-08 01:28:03 [TestNG-PoolService-2] INFO  Hooks - ===== ENDING SCENARIO: Search for products from Excel file, add them to cart, and complete the order | STATUS: FAILED =====
2026-02-08 01:28:03 [TestNG-PoolService-1] INFO  Hooks - ===== ENDING SCENARIO: Search for products from Excel file, add them to cart, and complete the order | STATUS: FAILED =====
2026-02-08 01:28:03 [TestNG-PoolService-4] INFO  Hooks - ===== ENDING SCENARIO: Search for products from Excel file, add them to cart, and complete the order | STATUS: FAILED =====
2026-02-08 01:28:03 [TestNG-PoolService-3] INFO  Hooks - ===== ENDING SCENARIO: Search for products from Excel file, add them to cart, and complete the order | STATUS: FAILED =====
2026-02-08 01:28:03 [main] INFO  Utils - [TestNG] Time taken by org.testng.reporters.jq.Main@27b2faa6: 95 ms
2026-02-08 01:28:03 [main] INFO  Utils - [TestNG] Time taken by org.testng.reporters.FailedReporter@cf67838: 26 ms
2026-02-08 01:28:03 [main] INFO  Utils - [TestNG] Time taken by org.testng.reporters.XMLReporter@4554de02: 14 ms
2026-02-08 01:28:03 [main] INFO  Utils - [TestNG] Time taken by org.testng.reporters.EmailableReporter2@11b455e5: 11 ms
2026-02-08 01:28:03 [main] INFO  Utils - [TestNG] Time taken by org.testng.reporters.JUnitReportReporter@64524dd: 12 ms
2026-02-08 01:28:03 [main] INFO  Utils - [TestNG] Time taken by org.testng.internal.ExitCodeListener@79d06bbd: 0 ms
2026-02-08 01:28:41 [main] INFO  Utils - [Utils] MethodGroupsHelper.collectMethodsByGroup() took 1 ms.
2026-02-08 01:28:41 [main] INFO  Utils - [Utils] MethodGroupsHelper.sortMethods() took 2 ms.
2026-02-08 01:28:41 [main] INFO  Utils - [Utils] MethodGroupsHelper.collectMethodsByGroup() took 0 ms.
2026-02-08 01:28:41 [main] INFO  Utils - [Utils] MethodGroupsHelper.sortMethods() took 0 ms.
2026-02-08 01:28:41 [main] INFO  Utils - [Utils] MethodGroupsHelper.collectMethodsByGroup() took 0 ms.
2026-02-08 01:28:41 [main] INFO  Utils - [Utils] MethodGroupsHelper.sortMethods() took 0 ms.
2026-02-08 01:28:41 [main] INFO  Utils - [Utils] MethodGroupsHelper.collectMethodsByGroup() took 0 ms.
2026-02-08 01:28:41 [main] INFO  Utils - [Utils] MethodGroupsHelper.sortMethods() took 0 ms.
2026-02-08 01:28:41 [main] INFO  Utils - [Utils] MethodGroupsHelper.collectMethodsByGroup() took 0 ms.
2026-02-08 01:28:41 [main] INFO  Utils - [Utils] MethodGroupsHelper.sortMethods() took 14 ms.
2026-02-08 01:28:41 [main] INFO  Utils - [Utils] MethodGroupsHelper.collectMethodsByGroup() took 0 ms.
2026-02-08 01:28:41 [main] INFO  Utils - [Utils] MethodGroupsHelper.sortMethods() took 0 ms.
2026-02-08 01:28:41 [main] INFO  Utils - [Utils] MethodGroupsHelper.collectMethodsByGroup() took 0 ms.
2026-02-08 01:28:41 [main] INFO  Utils - [Utils] MethodGroupsHelper.sortMethods() took 0 ms.
2026-02-08 01:28:41 [main] INFO  Utils - [Utils] MethodGroupsHelper.collectMethodsByGroup() took 0 ms.
2026-02-08 01:28:41 [main] INFO  Utils - [Utils] MethodGroupsHelper.sortMethods() took 0 ms.
2026-02-08 01:28:41 [main] INFO  Utils - [Utils] MethodGroupsHelper.collectMethodsByGroup() took 0 ms.
2026-02-08 01:28:41 [main] INFO  Utils - [Utils] MethodGroupsHelper.sortMethods() took 0 ms.
2026-02-08 01:28:41 [main] INFO  Utils - [Utils] MethodGroupsHelper.collectMethodsByGroup() took 0 ms.
2026-02-08 01:28:41 [main] INFO  Utils - [Utils] MethodGroupsHelper.sortMethods() took 0 ms.
2026-02-08 01:28:41 [main] INFO  Utils - [Utils] MethodGroupsHelper.collectMethodsByGroup() took 0 ms.
2026-02-08 01:28:41 [main] INFO  Utils - [Utils] MethodGroupsHelper.sortMethods() took 0 ms.
2026-02-08 01:28:41 [main] INFO  Utils - [Utils] MethodGroupsHelper.collectMethodsByGroup() took 0 ms.
2026-02-08 01:28:41 [main] INFO  Utils - [Utils] MethodGroupsHelper.sortMethods() took 0 ms.
2026-02-08 01:28:41 [main] INFO  Utils - [Utils] MethodGroupsHelper.collectMethodsByGroup() took 4 ms.
2026-02-08 01:28:41 [main] INFO  Utils - [Utils] MethodGroupsHelper.sortMethods() took 0 ms.
2026-02-08 01:28:41 [main] INFO  Utils - [Utils] MethodGroupsHelper.collectMethodsByGroup() took 0 ms.
2026-02-08 01:28:41 [main] INFO  Utils - [Utils] MethodGroupsHelper.sortMethods() took 0 ms.
2026-02-08 01:28:41 [main] INFO  Utils - [Utils] MethodGroupsHelper.collectMethodsByGroup() took 0 ms.
2026-02-08 01:28:41 [main] INFO  Utils - [Utils] MethodGroupsHelper.sortMethods() took 0 ms.
2026-02-08 01:28:41 [main] INFO  Utils - [TestNG] Running:
  C:\Users\Sumit\AppData\Local\Temp\testng-eclipse-1432269766\testng-customsuite.xml

2026-02-08 01:28:41 [main] INFO  Utils - [Utils] DynamicGraphHelper.createDynamicGraph() took 7 ms.
2026-02-08 01:28:43 [TestNG-PoolService-2] INFO  Hooks - ===== STARTING SCENARIO: Search for products from Excel file, add them to cart, and complete the order =====
2026-02-08 01:28:43 [TestNG-PoolService-4] INFO  Hooks - ===== STARTING SCENARIO: Search for products from Excel file, add them to cart, and complete the order =====
2026-02-08 01:28:43 [TestNG-PoolService-3] INFO  Hooks - ===== STARTING SCENARIO: Search for products from Excel file, add them to cart, and complete the order =====
2026-02-08 01:28:43 [TestNG-PoolService-1] INFO  Hooks - ===== STARTING SCENARIO: Search for products from Excel file, add them to cart, and complete the order =====
2026-02-08 01:28:43 [TestNG-PoolService-3] INFO  TestBase - Initializing browser: chrome
2026-02-08 01:28:43 [TestNG-PoolService-1] INFO  TestBase - Initializing browser: chrome
2026-02-08 01:28:43 [TestNG-PoolService-4] INFO  TestBase - Initializing browser: chrome
2026-02-08 01:28:43 [TestNG-PoolService-2] INFO  TestBase - Initializing browser: chrome
2026-02-08 01:28:43 [TestNG-PoolService-4] INFO  TestBase - Navigating to URL: https://rahulshettyacademy.com/seleniumPractise/#/
2026-02-08 01:28:43 [TestNG-PoolService-3] INFO  TestBase - Navigating to URL: https://rahulshettyacademy.com/seleniumPractise/#/
2026-02-08 01:28:43 [TestNG-PoolService-2] INFO  TestBase - Navigating to URL: https://rahulshettyacademy.com/seleniumPractise/#/
2026-02-08 01:28:43 [TestNG-PoolService-1] INFO  TestBase - Navigating to URL: https://rahulshettyacademy.com/seleniumPractise/#/
2026-02-08 01:28:43 [TestNG-PoolService-1] INFO  WebDriverManager - Using chromedriver 144.0.7559.133 (resolved driver for Chrome 144)
2026-02-08 01:28:43 [TestNG-PoolService-3] INFO  WebDriverManager - Using chromedriver 144.0.7559.133 (resolved driver for Chrome 144)
2026-02-08 01:28:43 [TestNG-PoolService-2] INFO  WebDriverManager - Using chromedriver 144.0.7559.133 (resolved driver for Chrome 144)
2026-02-08 01:28:43 [TestNG-PoolService-4] INFO  WebDriverManager - Using chromedriver 144.0.7559.133 (resolved driver for Chrome 144)
2026-02-08 01:28:44 [TestNG-PoolService-1] INFO  WebDriverManager - Exporting webdriver.chrome.driver as C:\Users\Sumit\.cache\selenium\chromedriver\win64\144.0.7559.133\chromedriver.exe
2026-02-08 01:28:44 [TestNG-PoolService-4] INFO  WebDriverManager - Exporting webdriver.chrome.driver as C:\Users\Sumit\.cache\selenium\chromedriver\win64\144.0.7559.133\chromedriver.exe
2026-02-08 01:28:44 [TestNG-PoolService-3] INFO  WebDriverManager - Exporting webdriver.chrome.driver as C:\Users\Sumit\.cache\selenium\chromedriver\win64\144.0.7559.133\chromedriver.exe
2026-02-08 01:28:44 [TestNG-PoolService-2] INFO  WebDriverManager - Exporting webdriver.chrome.driver as C:\Users\Sumit\.cache\selenium\chromedriver\win64\144.0.7559.133\chromedriver.exe
2026-02-08 01:28:51 [TestNG-PoolService-1] INFO  LandingPageStepDefinitions - User trying to get the title of landing page!
2026-02-08 01:28:51 [TestNG-PoolService-1] INFO  LandingPage - Getting title of LandingPage!
2026-02-08 01:28:51 [TestNG-PoolService-2] INFO  LandingPageStepDefinitions - User trying to get the title of landing page!
2026-02-08 01:28:51 [TestNG-PoolService-2] INFO  LandingPage - Getting title of LandingPage!
2026-02-08 01:28:51 [TestNG-PoolService-4] INFO  LandingPageStepDefinitions - User trying to get the title of landing page!
2026-02-08 01:28:51 [TestNG-PoolService-4] INFO  LandingPage - Getting title of LandingPage!
2026-02-08 01:28:53 [TestNG-PoolService-3] INFO  LandingPageStepDefinitions - User trying to get the title of landing page!
2026-02-08 01:28:53 [TestNG-PoolService-3] INFO  LandingPage - Getting title of LandingPage!
2026-02-08 01:28:54 [TestNG-PoolService-3] INFO  LandingPage - Searching product with name: Cucumber
2026-02-08 01:28:55 [TestNG-PoolService-1] INFO  LandingPage - Searching product with name: Tomato
2026-02-08 01:28:56 [TestNG-PoolService-2] INFO  LandingPage - Searching product with name: Beans
2026-02-08 01:28:56 [TestNG-PoolService-3] INFO  LandingPage - Incrementing quantity of searched product: 1
2026-02-08 01:28:56 [TestNG-PoolService-1] INFO  LandingPage - Incrementing quantity of searched product: 2
2026-02-08 01:28:56 [TestNG-PoolService-3] INFO  LandingPage - Adding product to cart!
2026-02-08 01:28:57 [TestNG-PoolService-4] INFO  LandingPage - Searching product with name: Beetroot
2026-02-08 01:28:57 [TestNG-PoolService-2] INFO  LandingPage - Incrementing quantity of searched product: 3
2026-02-08 01:28:57 [TestNG-PoolService-1] INFO  LandingPage - Adding product to cart!
2026-02-08 01:28:58 [TestNG-PoolService-4] INFO  LandingPage - Incrementing quantity of searched product: 4
2026-02-08 01:28:59 [TestNG-PoolService-1] INFO  Hooks - ===== ENDING SCENARIO: Search for products from Excel file, add them to cart, and complete the order | STATUS: PASSED =====
2026-02-08 01:28:59 [TestNG-PoolService-3] INFO  Hooks - ===== ENDING SCENARIO: Search for products from Excel file, add them to cart, and complete the order | STATUS: PASSED =====
2026-02-08 01:29:00 [TestNG-PoolService-2] INFO  LandingPage - Adding product to cart!
2026-02-08 01:29:01 [TestNG-PoolService-4] INFO  LandingPage - Adding product to cart!
2026-02-08 01:29:01 [TestNG-PoolService-2] INFO  Hooks - ===== ENDING SCENARIO: Search for products from Excel file, add them to cart, and complete the order | STATUS: PASSED =====
2026-02-08 01:29:02 [TestNG-PoolService-4] INFO  Hooks - ===== ENDING SCENARIO: Search for products from Excel file, add them to cart, and complete the order | STATUS: PASSED =====
2026-02-08 01:29:03 [main] INFO  Utils - [TestNG] Time taken by org.testng.reporters.jq.Main@41b13f3d: 98 ms
2026-02-08 01:29:03 [main] INFO  Utils - [TestNG] Time taken by org.testng.reporters.FailedReporter@2a39aa2b: 2 ms
2026-02-08 01:29:03 [main] INFO  Utils - [TestNG] Time taken by org.testng.reporters.XMLReporter@4833eff3: 13 ms
2026-02-08 01:29:03 [main] INFO  Utils - [TestNG] Time taken by org.testng.reporters.EmailableReporter2@1192b58e: 7 ms
2026-02-08 01:29:03 [main] INFO  Utils - [TestNG] Time taken by org.testng.reporters.JUnitReportReporter@5f5effb0: 7 ms
2026-02-08 01:29:03 [main] INFO  Utils - [TestNG] Time taken by org.testng.internal.ExitCodeListener@25d0cb3a: 0 ms
2026-02-08 01:38:51 [main] INFO  Utils - [Utils] MethodGroupsHelper.collectMethodsByGroup() took 0 ms.
2026-02-08 01:38:51 [main] INFO  Utils - [Utils] MethodGroupsHelper.sortMethods() took 0 ms.
2026-02-08 01:38:51 [main] INFO  Utils - [Utils] MethodGroupsHelper.collectMethodsByGroup() took 0 ms.
2026-02-08 01:38:51 [main] INFO  Utils - [Utils] MethodGroupsHelper.sortMethods() took 0 ms.
2026-02-08 01:38:51 [main] INFO  Utils - [Utils] MethodGroupsHelper.collectMethodsByGroup() took 0 ms.
2026-02-08 01:38:51 [main] INFO  Utils - [Utils] MethodGroupsHelper.sortMethods() took 0 ms.
2026-02-08 01:38:51 [main] INFO  Utils - [Utils] MethodGroupsHelper.collectMethodsByGroup() took 0 ms.
2026-02-08 01:38:51 [main] INFO  Utils - [Utils] MethodGroupsHelper.sortMethods() took 0 ms.
2026-02-08 01:38:51 [main] INFO  Utils - [Utils] MethodGroupsHelper.collectMethodsByGroup() took 0 ms.
2026-02-08 01:38:51 [main] INFO  Utils - [Utils] MethodGroupsHelper.sortMethods() took 13 ms.
2026-02-08 01:38:51 [main] INFO  Utils - [Utils] MethodGroupsHelper.collectMethodsByGroup() took 0 ms.
2026-02-08 01:38:51 [main] INFO  Utils - [Utils] MethodGroupsHelper.sortMethods() took 0 ms.
2026-02-08 01:38:51 [main] INFO  Utils - [Utils] MethodGroupsHelper.collectMethodsByGroup() took 0 ms.
2026-02-08 01:38:51 [main] INFO  Utils - [Utils] MethodGroupsHelper.sortMethods() took 0 ms.
2026-02-08 01:38:51 [main] INFO  Utils - [Utils] MethodGroupsHelper.collectMethodsByGroup() took 0 ms.
2026-02-08 01:38:51 [main] INFO  Utils - [Utils] MethodGroupsHelper.sortMethods() took 0 ms.
2026-02-08 01:38:51 [main] INFO  Utils - [Utils] MethodGroupsHelper.collectMethodsByGroup() took 0 ms.
2026-02-08 01:38:51 [main] INFO  Utils - [Utils] MethodGroupsHelper.sortMethods() took 0 ms.
2026-02-08 01:38:51 [main] INFO  Utils - [Utils] MethodGroupsHelper.collectMethodsByGroup() took 0 ms.
2026-02-08 01:38:51 [main] INFO  Utils - [Utils] MethodGroupsHelper.sortMethods() took 0 ms.
2026-02-08 01:38:51 [main] INFO  Utils - [Utils] MethodGroupsHelper.collectMethodsByGroup() took 0 ms.
2026-02-08 01:38:51 [main] INFO  Utils - [Utils] MethodGroupsHelper.sortMethods() took 0 ms.
2026-02-08 01:38:51 [main] INFO  Utils - [Utils] MethodGroupsHelper.collectMethodsByGroup() took 0 ms.
2026-02-08 01:38:51 [main] INFO  Utils - [Utils] MethodGroupsHelper.sortMethods() took 0 ms.
2026-02-08 01:38:51 [main] INFO  Utils - [Utils] MethodGroupsHelper.collectMethodsByGroup() took 3 ms.
2026-02-08 01:38:51 [main] INFO  Utils - [Utils] MethodGroupsHelper.sortMethods() took 1 ms.
2026-02-08 01:38:51 [main] INFO  Utils - [Utils] MethodGroupsHelper.collectMethodsByGroup() took 0 ms.
2026-02-08 01:38:51 [main] INFO  Utils - [Utils] MethodGroupsHelper.sortMethods() took 0 ms.
2026-02-08 01:38:51 [main] INFO  Utils - [Utils] MethodGroupsHelper.collectMethodsByGroup() took 0 ms.
2026-02-08 01:38:51 [main] INFO  Utils - [Utils] MethodGroupsHelper.sortMethods() took 0 ms.
2026-02-08 01:38:51 [main] INFO  Utils - [TestNG] Running:
  C:\Users\Sumit\AppData\Local\Temp\testng-eclipse--1532952781\testng-customsuite.xml

2026-02-08 01:38:51 [main] INFO  Utils - [Utils] DynamicGraphHelper.createDynamicGraph() took 7 ms.
2026-02-08 01:38:53 [TestNG-PoolService-1] INFO  Hooks - ===== STARTING SCENARIO: Search experience for product search in both home and offers page =====
2026-02-08 01:38:53 [TestNG-PoolService-3] INFO  Hooks - ===== STARTING SCENARIO: Search for products from Excel file, add them to cart, and complete the order =====
2026-02-08 01:38:53 [TestNG-PoolService-4] INFO  Hooks - ===== STARTING SCENARIO: Search for products from Excel file, add them to cart, and complete the order =====
2026-02-08 01:38:53 [TestNG-PoolService-6] INFO  Hooks - ===== STARTING SCENARIO: Search experience for product search in both home and offers page =====
2026-02-08 01:38:53 [TestNG-PoolService-5] INFO  Hooks - ===== STARTING SCENARIO: Search for products from Excel file, add them to cart, and complete the order =====
2026-02-08 01:38:53 [TestNG-PoolService-7] INFO  Hooks - ===== STARTING SCENARIO: Search experience for product search in both home and offers page =====
2026-02-08 01:38:53 [TestNG-PoolService-2] INFO  Hooks - ===== STARTING SCENARIO: Search for products from Excel file, add them to cart, and complete the order =====
2026-02-08 01:38:53 [TestNG-PoolService-6] INFO  TestBase - Initializing browser: chrome
2026-02-08 01:38:53 [TestNG-PoolService-7] INFO  TestBase - Initializing browser: chrome
2026-02-08 01:38:53 [TestNG-PoolService-4] INFO  TestBase - Initializing browser: chrome
2026-02-08 01:38:53 [TestNG-PoolService-5] INFO  TestBase - Initializing browser: chrome
2026-02-08 01:38:53 [TestNG-PoolService-3] INFO  TestBase - Initializing browser: chrome
2026-02-08 01:38:53 [TestNG-PoolService-5] INFO  TestBase - Navigating to URL: https://rahulshettyacademy.com/seleniumPractise/#/
2026-02-08 01:38:53 [TestNG-PoolService-3] INFO  TestBase - Navigating to URL: https://rahulshettyacademy.com/seleniumPractise/#/
2026-02-08 01:38:53 [TestNG-PoolService-2] INFO  TestBase - Initializing browser: chrome
2026-02-08 01:38:53 [TestNG-PoolService-1] INFO  TestBase - Initializing browser: chrome
2026-02-08 01:38:53 [TestNG-PoolService-7] INFO  TestBase - Navigating to URL: https://rahulshettyacademy.com/seleniumPractise/#/
2026-02-08 01:38:53 [TestNG-PoolService-4] INFO  TestBase - Navigating to URL: https://rahulshettyacademy.com/seleniumPractise/#/
2026-02-08 01:38:53 [TestNG-PoolService-2] INFO  TestBase - Navigating to URL: https://rahulshettyacademy.com/seleniumPractise/#/
2026-02-08 01:38:53 [TestNG-PoolService-1] INFO  TestBase - Navigating to URL: https://rahulshettyacademy.com/seleniumPractise/#/
2026-02-08 01:38:53 [TestNG-PoolService-6] INFO  TestBase - Navigating to URL: https://rahulshettyacademy.com/seleniumPractise/#/
2026-02-08 01:38:53 [TestNG-PoolService-3] INFO  WebDriverManager - Using chromedriver 144.0.7559.133 (resolved driver for Chrome 144)
2026-02-08 01:38:53 [TestNG-PoolService-1] INFO  WebDriverManager - Using chromedriver 144.0.7559.133 (resolved driver for Chrome 144)
2026-02-08 01:38:53 [TestNG-PoolService-2] INFO  WebDriverManager - Using chromedriver 144.0.7559.133 (resolved driver for Chrome 144)
2026-02-08 01:38:53 [TestNG-PoolService-7] INFO  WebDriverManager - Using chromedriver 144.0.7559.133 (resolved driver for Chrome 144)
2026-02-08 01:38:53 [TestNG-PoolService-5] INFO  WebDriverManager - Using chromedriver 144.0.7559.133 (resolved driver for Chrome 144)
2026-02-08 01:38:53 [TestNG-PoolService-4] INFO  WebDriverManager - Using chromedriver 144.0.7559.133 (resolved driver for Chrome 144)
2026-02-08 01:38:53 [TestNG-PoolService-6] INFO  WebDriverManager - Using chromedriver 144.0.7559.133 (resolved driver for Chrome 144)
2026-02-08 01:38:53 [TestNG-PoolService-7] INFO  WebDriverManager - Exporting webdriver.chrome.driver as C:\Users\Sumit\.cache\selenium\chromedriver\win64\144.0.7559.133\chromedriver.exe
2026-02-08 01:38:53 [TestNG-PoolService-1] INFO  WebDriverManager - Exporting webdriver.chrome.driver as C:\Users\Sumit\.cache\selenium\chromedriver\win64\144.0.7559.133\chromedriver.exe
2026-02-08 01:38:53 [TestNG-PoolService-4] INFO  WebDriverManager - Exporting webdriver.chrome.driver as C:\Users\Sumit\.cache\selenium\chromedriver\win64\144.0.7559.133\chromedriver.exe
2026-02-08 01:38:53 [TestNG-PoolService-3] INFO  WebDriverManager - Exporting webdriver.chrome.driver as C:\Users\Sumit\.cache\selenium\chromedriver\win64\144.0.7559.133\chromedriver.exe
2026-02-08 01:38:53 [TestNG-PoolService-6] INFO  WebDriverManager - Exporting webdriver.chrome.driver as C:\Users\Sumit\.cache\selenium\chromedriver\win64\144.0.7559.133\chromedriver.exe
2026-02-08 01:38:53 [TestNG-PoolService-5] INFO  WebDriverManager - Exporting webdriver.chrome.driver as C:\Users\Sumit\.cache\selenium\chromedriver\win64\144.0.7559.133\chromedriver.exe
2026-02-08 01:38:53 [TestNG-PoolService-2] INFO  WebDriverManager - Exporting webdriver.chrome.driver as C:\Users\Sumit\.cache\selenium\chromedriver\win64\144.0.7559.133\chromedriver.exe
2026-02-08 01:39:03 [TestNG-PoolService-7] INFO  LandingPageStepDefinitions - User trying to get the title of landing page!
2026-02-08 01:39:03 [TestNG-PoolService-7] INFO  LandingPage - Getting title of LandingPage!
2026-02-08 01:39:03 [TestNG-PoolService-4] INFO  LandingPageStepDefinitions - User trying to get the title of landing page!
2026-02-08 01:39:03 [TestNG-PoolService-4] INFO  LandingPage - Getting title of LandingPage!
2026-02-08 01:39:03 [TestNG-PoolService-6] INFO  LandingPageStepDefinitions - User trying to get the title of landing page!
2026-02-08 01:39:03 [TestNG-PoolService-6] INFO  LandingPage - Getting title of LandingPage!
2026-02-08 01:39:03 [TestNG-PoolService-1] INFO  LandingPageStepDefinitions - User trying to get the title of landing page!
2026-02-08 01:39:03 [TestNG-PoolService-1] INFO  LandingPage - Getting title of LandingPage!
2026-02-08 01:39:13 [TestNG-PoolService-3] INFO  LandingPageStepDefinitions - User trying to get the title of landing page!
2026-02-08 01:39:13 [TestNG-PoolService-3] INFO  LandingPage - Getting title of LandingPage!
2026-02-08 01:39:14 [TestNG-PoolService-3] INFO  LandingPage - Searching product with name: Beans
2026-02-08 01:39:18 [TestNG-PoolService-3] INFO  LandingPage - Incrementing quantity of searched product: 3
2026-02-08 01:39:18 [TestNG-PoolService-7] INFO  LandingPageStepDefinitions - User searching product on landing page
2026-02-08 01:39:18 [TestNG-PoolService-7] INFO  LandingPage - Searching product with name: Beet
2026-02-08 01:39:19 [TestNG-PoolService-7] INFO  LandingPageStepDefinitions - User capturting text of searched product!
2026-02-08 01:39:19 [TestNG-PoolService-7] INFO  LandingPage - Getting text of searched product!
2026-02-08 01:39:20 [TestNG-PoolService-2] INFO  LandingPageStepDefinitions - User trying to get the title of landing page!
2026-02-08 01:39:20 [TestNG-PoolService-2] INFO  LandingPage - Getting title of LandingPage!
2026-02-08 01:39:20 [TestNG-PoolService-2] INFO  LandingPage - Searching product with name: Tomato
2026-02-08 01:39:21 [TestNG-PoolService-7] INFO  OffersPageStepDefinitions - user switching to offers page
2026-02-08 01:39:21 [TestNG-PoolService-7] INFO  LandingPage - Opening topDeals page!
2026-02-08 01:39:21 [TestNG-PoolService-5] INFO  LandingPageStepDefinitions - User trying to get the title of landing page!
2026-02-08 01:39:21 [TestNG-PoolService-5] INFO  LandingPage - Getting title of LandingPage!
2026-02-08 01:39:21 [TestNG-PoolService-1] INFO  LandingPageStepDefinitions - User searching product on landing page
2026-02-08 01:39:21 [TestNG-PoolService-1] INFO  LandingPage - Searching product with name: Tom
2026-02-08 01:39:22 [TestNG-PoolService-5] INFO  LandingPage - Searching product with name: Beetroot
2026-02-08 01:39:22 [TestNG-PoolService-3] INFO  LandingPage - Adding product to cart!
2026-02-08 01:39:22 [TestNG-PoolService-2] INFO  LandingPage - Incrementing quantity of searched product: 2
2026-02-08 01:39:23 [TestNG-PoolService-1] INFO  LandingPageStepDefinitions - User capturting text of searched product!
2026-02-08 01:39:23 [TestNG-PoolService-1] INFO  LandingPage - Getting text of searched product!
2026-02-08 01:39:27 [TestNG-PoolService-5] INFO  LandingPage - Incrementing quantity of searched product: 4
2026-02-08 01:39:28 [TestNG-PoolService-1] INFO  LandingPageStepDefinitions - user is incrementing quantity of product to add in the cart!
2026-02-08 01:39:28 [TestNG-PoolService-1] INFO  LandingPage - Incrementing quantity of searched product: 3
2026-02-08 01:39:29 [TestNG-PoolService-2] INFO  LandingPage - Adding product to cart!
2026-02-08 01:39:33 [TestNG-PoolService-3] INFO  Hooks - ===== ENDING SCENARIO: Search for products from Excel file, add them to cart, and complete the order | STATUS: PASSED =====
2026-02-08 01:39:34 [TestNG-PoolService-1] INFO  LandingPageStepDefinitions - user adding product to cart!
2026-02-08 01:39:34 [TestNG-PoolService-1] INFO  LandingPage - Adding product to cart!
2026-02-08 01:39:35 [TestNG-PoolService-5] INFO  LandingPage - Adding product to cart!
2026-02-08 01:39:36 [TestNG-PoolService-2] INFO  Hooks - ===== ENDING SCENARIO: Search for products from Excel file, add them to cart, and complete the order | STATUS: PASSED =====
2026-02-08 01:39:37 [TestNG-PoolService-1] INFO  CheckoutPage - Clicking on cartBag!
2026-02-08 01:39:39 [TestNG-PoolService-1] INFO  CheckoutPage - Clicking on checkoutButton!
2026-02-08 01:39:40 [TestNG-PoolService-1] INFO  CheckoutPage - Verifying PromoBtn is displayed!
2026-02-08 01:39:40 [TestNG-PoolService-5] INFO  Hooks - ===== ENDING SCENARIO: Search for products from Excel file, add them to cart, and complete the order | STATUS: PASSED =====
2026-02-08 01:39:41 [TestNG-PoolService-1] INFO  CheckoutPage - Verifying placeOrder is displayed!
2026-02-08 01:39:41 [TestNG-PoolService-1] INFO  Hooks - ===== ENDING SCENARIO: Search experience for product search in both home and offers page | STATUS: PASSED =====
2026-02-08 01:39:43 [TestNG-PoolService-7] INFO  OffersPageStepDefinitions - user searching item offerspage
2026-02-08 01:39:43 [TestNG-PoolService-7] INFO  OffersPage - Entering product name into search field!
2026-02-08 01:39:43 [TestNG-PoolService-4] INFO  LandingPage - Searching product with name: Cucumber
2026-02-08 01:39:44 [TestNG-PoolService-6] INFO  LandingPageStepDefinitions - User searching product on landing page
2026-02-08 01:39:44 [TestNG-PoolService-6] INFO  LandingPage - Searching product with name: Tom
2026-02-08 01:39:44 [TestNG-PoolService-7] INFO  OffersPageStepDefinitions - user capturing product name!
2026-02-08 01:39:44 [TestNG-PoolService-7] INFO  OffersPage - capturing productName text!
2026-02-08 01:39:44 [TestNG-PoolService-7] INFO  OffersPageStepDefinitions - user verifying product name is matching on landing and offersPage!
2026-02-08 01:39:44 [TestNG-PoolService-4] INFO  LandingPage - Incrementing quantity of searched product: 1
2026-02-08 01:39:45 [TestNG-PoolService-6] INFO  LandingPageStepDefinitions - User capturting text of searched product!
2026-02-08 01:39:45 [TestNG-PoolService-6] INFO  LandingPage - Getting text of searched product!
2026-02-08 01:39:45 [TestNG-PoolService-7] INFO  Hooks - ===== ENDING SCENARIO: Search experience for product search in both home and offers page | STATUS: FAILED =====
2026-02-08 01:39:45 [TestNG-PoolService-4] INFO  LandingPage - Adding product to cart!
2026-02-08 01:39:46 [TestNG-PoolService-6] INFO  OffersPageStepDefinitions - user switching to offers page
2026-02-08 01:39:46 [TestNG-PoolService-6] INFO  LandingPage - Opening topDeals page!
2026-02-08 01:39:48 [TestNG-PoolService-4] INFO  Hooks - ===== ENDING SCENARIO: Search for products from Excel file, add them to cart, and complete the order | STATUS: PASSED =====
2026-02-08 01:39:48 [TestNG-PoolService-6] INFO  OffersPageStepDefinitions - user searching item offerspage
2026-02-08 01:39:48 [TestNG-PoolService-6] INFO  OffersPage - Entering product name into search field!
2026-02-08 01:39:50 [TestNG-PoolService-6] INFO  OffersPageStepDefinitions - user capturing product name!
2026-02-08 01:39:50 [TestNG-PoolService-6] INFO  OffersPage - capturing productName text!
2026-02-08 01:39:50 [TestNG-PoolService-6] INFO  OffersPageStepDefinitions - user verifying product name is matching on landing and offersPage!
2026-02-08 01:39:50 [TestNG-PoolService-6] INFO  Hooks - ===== ENDING SCENARIO: Search experience for product search in both home and offers page | STATUS: PASSED =====
2026-02-08 01:39:53 [main] INFO  Utils - [TestNG] Time taken by org.testng.reporters.jq.Main@57c00115: 108 ms
2026-02-08 01:39:53 [main] INFO  Utils - [TestNG] Time taken by org.testng.reporters.FailedReporter@77f905e3: 38 ms
2026-02-08 01:39:53 [main] INFO  Utils - [TestNG] Time taken by org.testng.reporters.XMLReporter@6e3eb0cd: 17 ms
2026-02-08 01:39:53 [main] INFO  Utils - [TestNG] Time taken by org.testng.reporters.EmailableReporter2@5ebffb44: 13 ms
2026-02-08 01:39:53 [main] INFO  Utils - [TestNG] Time taken by org.testng.reporters.JUnitReportReporter@7e307087: 8 ms
2026-02-08 01:39:53 [main] INFO  Utils - [TestNG] Time taken by org.testng.internal.ExitCodeListener@1220ef43: 0 ms
